Start testing: May 19 17:51 CEST
----------------------------------------------------------
1/1 Testing: ExampleTests
1/1 Test: ExampleTests
Command: "/Users/eliasferlander/Documents/GitHub/RadCode/Problems/C++/build/test/ExampleTests"
Directory: /Users/eliasferlander/Documents/GitHub/RadCode/Problems/C++/build/test
"ExampleTests" start time: May 19 17:51 CEST
Output:
----------------------------------------------------------
Running main() from /Users/eliasferlander/Documents/GitHub/RadCode/Problems/C++/googletest/googletest/src/gtest_main.cc
[==========] Running 1 test from 1 test suite.
[----------] Global test environment set-up.
[----------] 1 test from ExampleTests
[ RUN      ] ExampleTests.DemonstrateGTestMacros
[       OK ] ExampleTests.DemonstrateGTestMacros (0 ms)
[----------] 1 test from ExampleTests (0 ms total)

[----------] Global test environment tear-down
[==========] 1 test from 1 test suite ran. (0 ms total)
[  PASSED  ] 1 test.
<end of output>
Test time =   0.00 sec
----------------------------------------------------------
Test Passed.
"ExampleTests" end time: May 19 17:51 CEST
"ExampleTests" time elapsed: 00:00:00
----------------------------------------------------------

End testing: May 19 17:51 CEST
